<?xml version="1.0" encoding="UTF-8"?>
<testsuite name="pgm1.ResultTest" tests="3" skipped="0" failures="0" errors="0" timestamp="2026-04-25T06:49:59.959Z" hostname="VAMSI-LAPTOP" time="0.007">
  <properties/>
  <testcase name="testFail" classname="pgm1.ResultTest" time="0.005"/>
  <testcase name="testInvalid" classname="pgm1.ResultTest" time="0.001"/>
  <testcase name="testPass" classname="pgm1.ResultTest" time="0.0"/>
  <system-out><![CDATA[]]></system-out>
  <system-err><![CDATA[]]></system-err>
</testsuite>
