<?xml version="1.0" encoding="UTF-8"?>
<!-- Generated by org.testng.reporters.JUnitReportReporter -->
<testsuite hostname="Vamsi-laptop" failures="0" tests="3" name="pgm1.ResultTest" time="0.006" errors="0" timestamp="2026-04-25T11:29:39 IST" skipped="0">
  <testcase classname="pgm1.ResultTest" name="testPass" time="0.000"/>
  <system-out/>
  <testcase classname="pgm1.ResultTest" name="testFail" time="0.006"/>
  <system-out/>
  <testcase classname="pgm1.ResultTest" name="testInvalid" time="0.000"/>
  <system-out/>
</testsuite> <!-- pgm1.ResultTest -->
